<?xml version="1.0" encoding="UTF-8"?>
<!-- Generated by org.testng.reporters.JUnitReportReporter -->
<testsuite skipped="0" hostname="TANERs-MBP.home" name="com.prestashop.tests.NegativeScenarios" tests="4" failures="0" timestamp="25 Jun 2018 03:49:04 GMT" time="28.359" errors="0">
  <testcase name="invalidEmailTest" time="10.196" classname="com.prestashop.tests.NegativeScenarios"/>
  <testcase name="wrongCredentialsTest" time="5.187" classname="com.prestashop.tests.NegativeScenarios"/>
  <testcase name="blankEmailTest" time="6.834" classname="com.prestashop.tests.NegativeScenarios"/>
  <testcase name="blankPasswordTest" time="6.142" classname="com.prestashop.tests.NegativeScenarios"/>
</testsuite> <!-- com.prestashop.tests.NegativeScenarios -->
