<?xml version="1.0" encoding="UTF-8"?>
<!-- Generated by org.testng.reporters.JUnitReportReporter -->
<testsuite skipped="0" hostname="TANERs-MBP" name="com.prestashop.tests.PresTaShop" tests="4" failures="0" timestamp="21 Jun 2018 18:54:58 GMT" time="66.204" errors="0">
  <testcase name="blankEmailTest" time="17.710" classname="com.prestashop.tests.PresTaShop"/>
  <testcase name="invalidEmailTest" time="17.197" classname="com.prestashop.tests.PresTaShop"/>
  <testcase name="wrongCredentialsTest" time="16.463" classname="com.prestashop.tests.PresTaShop"/>
  <testcase name="blankPasswordTest" time="14.834" classname="com.prestashop.tests.PresTaShop"/>
</testsuite> <!-- com.prestashop.tests.PresTaShop -->
